<?xml version="1.0" encoding="UTF-8"?>
<testsuite xmlns:xsi="http://www.w3.org/2001/XMLSchema-instance" xsi:noNamespaceSchemaLocation="https://maven.apache.org/surefire/maven-surefire-plugin/xsd/surefire-test-report.xsd" name="edu.csupomona.cs4800.course.CourseTest" time="0.091" tests="4" errors="0" skipped="0" failures="0">
  <properties>
[...]
</properties>
  <testcase name="testSetCompletionStatusCompleted" classname="edu.csupomona.cs4800.course.CourseTest" time="0.009"/>
  <testcase name="testSetCompletionStatusToDo" classname="edu.csupomona.cs4800.course.CourseTest" time="0"/>
  <testcase name="testSetCourseNumber" classname="edu.csupomona.cs4800.course.CourseTest" time="0"/>
  <testcase name="testSetCompletionStatusInProgress" classname="edu.csupomona.cs4800.course.CourseTest" time="0.001"/>
</testsuite>